z:\programación\tfc\breakark\breakark_client\debug\vc120.pdb
z:\programación\tfc\breakark\breakark_client\debug\vc120.idb
z:\programación\tfc\breakark\breakark_client\debug\ball.obj
z:\programación\tfc\breakark\breakark_client\debug\board.obj
z:\programación\tfc\breakark\breakark_client\debug\brick.obj
z:\programación\tfc\breakark\breakark_client\debug\collisionsystem.obj
z:\programación\tfc\breakark\breakark_client\debug\connection.obj
z:\programación\tfc\breakark\breakark_client\debug\game.obj
z:\programación\tfc\breakark\breakark_client\debug\inputhandler.obj
z:\programación\tfc\breakark\breakark_client\debug\integration.obj
z:\programación\tfc\breakark\breakark_client\debug\mathhelperfunctions.obj
z:\programación\tfc\breakark\breakark_client\debug\object.obj
z:\programación\tfc\breakark\breakark_client\debug\paddle.obj
z:\programación\tfc\breakark\breakark_client\debug\quadrilateral.obj
z:\programación\tfc\breakark\breakark_client\debug\sdlhelperfunctions.obj
z:\programación\tfc\breakark\breakark_client\debug\texture.obj
z:\programación\tfc\breakark\breakark_client\debug\timer.obj
z:\programación\tfc\breakark\breakark_client\debug\udpsocket.obj
z:\programación\tfc\breakark\breakark_client\debug\breakark_client.obj
z:\programación\tfc\breakark\breakark_client\debug\client.obj
z:\programación\tfc\breakark\breakark_client\debug\clientgame.obj
z:\programación\tfc\breakark\breakark_client\debug\counter.obj
z:\programación\tfc\breakark\breakark_client\debug\server.obj
z:\programación\tfc\breakark\breakark_client\debug\servergame.obj
z:\programación\tfc\breakark\debug\breakark_client.ilk
z:\programación\tfc\breakark\debug\breakark_client.exe
z:\programación\tfc\breakark\debug\breakark_client.pdb
z:\programación\tfc\breakark\breakark_client\debug\breakark_client.tlog\cl.command.1.tlog
z:\programación\tfc\breakark\breakark_client\debug\breakark_client.tlog\cl.read.1.tlog
z:\programación\tfc\breakark\breakark_client\debug\breakark_client.tlog\cl.write.1.tlog
z:\programación\tfc\breakark\breakark_client\debug\breakark_client.tlog\link.command.1.tlog
z:\programación\tfc\breakark\breakark_client\debug\breakark_client.tlog\link.read.1.tlog
z:\programación\tfc\breakark\breakark_client\debug\breakark_client.tlog\link.write.1.tlog
