z:\programación\tfc\breakark\breakark_server\debug\vc120.pdb
z:\programación\tfc\breakark\breakark_server\debug\vc120.idb
z:\programación\tfc\breakark\breakark_server\debug\ball.obj
z:\programación\tfc\breakark\breakark_server\debug\board.obj
z:\programación\tfc\breakark\breakark_server\debug\brick.obj
z:\programación\tfc\breakark\breakark_server\debug\collisionsystem.obj
z:\programación\tfc\breakark\breakark_server\debug\connection.obj
z:\programación\tfc\breakark\breakark_server\debug\game.obj
z:\programación\tfc\breakark\breakark_server\debug\inputhandler.obj
z:\programación\tfc\breakark\breakark_server\debug\integration.obj
z:\programación\tfc\breakark\breakark_server\debug\mathhelperfunctions.obj
z:\programación\tfc\breakark\breakark_server\debug\object.obj
z:\programación\tfc\breakark\breakark_server\debug\paddle.obj
z:\programación\tfc\breakark\breakark_server\debug\quadrilateral.obj
z:\programación\tfc\breakark\breakark_server\debug\sdlhelperfunctions.obj
z:\programación\tfc\breakark\breakark_server\debug\texture.obj
z:\programación\tfc\breakark\breakark_server\debug\timer.obj
z:\programación\tfc\breakark\breakark_server\debug\udpsocket.obj
z:\programación\tfc\breakark\breakark_server\debug\breakark_server.obj
z:\programación\tfc\breakark\breakark_server\debug\server.obj
z:\programación\tfc\breakark\breakark_server\debug\servergame.obj
z:\programación\tfc\breakark\debug\breakark_server.ilk
z:\programación\tfc\breakark\debug\breakark_server.exe
z:\programación\tfc\breakark\debug\breakark_server.pdb
z:\programación\tfc\breakark\breakark_server\debug\breakark_server.tlog\cl.command.1.tlog
z:\programación\tfc\breakark\breakark_server\debug\breakark_server.tlog\cl.read.1.tlog
z:\programación\tfc\breakark\breakark_server\debug\breakark_server.tlog\cl.write.1.tlog
z:\programación\tfc\breakark\breakark_server\debug\breakark_server.tlog\link.command.1.tlog
z:\programación\tfc\breakark\breakark_server\debug\breakark_server.tlog\link.read.1.tlog
z:\programación\tfc\breakark\breakark_server\debug\breakark_server.tlog\link.write.1.tlog
